<?xml version="1.0" encoding="UTF-8"?>
<!-- Generated by org.testng.reporters.JUnitXMLReporter -->
<testsuite hostname="DESKTOP-R0NL5GO" ignored="1" name="MultiClasses" tests="6" failures="0" timestamp="05 Jan 2019 22:25:37 GMT" time="0.094" errors="0">
  <testcase name="Ayesha" time="0.016" classname="module6.Annotations"/>
  <testcase name="Eman" time="0.015" classname="module6.Annotations"/>
  <testcase name="Murad" time="0.0" classname="module6.Annotations"/>
  <testcase name="Nancy" time="0.016" classname="module6.Annotations"/>
  <testcase name="Shifali" time="0.0" classname="module6.Annotations"/>
  <testcase name="Sohail" time="0.0" classname="module6.Annotations"/>
  <testcase name="Shifali" time="0.0" classname="module6.Dependencies">
    <ignored/>
  </testcase> <!-- Shifali -->
</testsuite> <!-- MultiClasses -->
