<?xml version="1.0" encoding="UTF-8"?>
<!-- Generated by org.testng.reporters.JUnitXMLReporter -->
<testsuite hostname="DESKTOP-R0NL5GO" ignored="1" name="Default test" tests="5" failures="0" timestamp="12 Jul 2020 00:32:32 GMT" time="0.062" errors="0">
  <testcase name="Ayesha" time="0.011" classname="module6.Dependencies"/>
  <testcase name="Murad" time="0.001" classname="module6.Dependencies"/>
  <testcase name="Nancy" time="0.001" classname="module6.Dependencies"/>
  <testcase name="Eman" time="0.001" classname="module6.Dependencies"/>
  <testcase name="Sohail" time="0.003" classname="module6.Dependencies"/>
  <testcase name="Shifali" time="0.0" classname="module6.Dependencies">
    <ignored/>
  </testcase> <!-- Shifali -->
</testsuite> <!-- Default test -->
