<?xml version="1.0" encoding="UTF-8"?>
<testng-results skipped="0" failed="0" ignored="0" total="6" passed="6">
  <reporter-output>
  </reporter-output>
  <suite name="Suite" duration-ms="121" started-at="2020-07-12T17:29:57Z" finished-at="2020-07-12T17:29:57Z">
    <groups>
    </groups>
    <test name="Testing Annotatations" duration-ms="121" started-at="2020-07-12T17:29:57Z" finished-at="2020-07-12T17:29:57Z">
      <class name="module6.Annotations">
        <test-method status="PASS" signature="Ayesha()[pri:0, instance:module6.Annotations@76b0bfab]" name="Ayesha" duration-ms="18" started-at="2020-07-12T17:29:57Z" finished-at="2020-07-12T17:29:57Z">
          <reporter-output>
          </reporter-output>
        </test-method> <!-- Ayesha -->
        <test-method status="PASS" signature="Eman()[pri:0, instance:module6.Annotations@76b0bfab]" name="Eman" duration-ms="10" started-at="2020-07-12T17:29:57Z" finished-at="2020-07-12T17:29:57Z">
          <reporter-output>
          </reporter-output>
        </test-method> <!-- Eman -->
        <test-method status="PASS" signature="Murad()[pri:0, instance:module6.Annotations@76b0bfab]" name="Murad" duration-ms="4" started-at="2020-07-12T17:29:57Z" finished-at="2020-07-12T17:29:57Z">
          <reporter-output>
          </reporter-output>
        </test-method> <!-- Murad -->
        <test-method status="PASS" signature="Nancy()[pri:0, instance:module6.Annotations@76b0bfab]" name="Nancy" duration-ms="4" started-at="2020-07-12T17:29:57Z" finished-at="2020-07-12T17:29:57Z">
          <reporter-output>
          </reporter-output>
        </test-method> <!-- Nancy -->
        <test-method status="PASS" signature="Shifali()[pri:0, instance:module6.Annotations@76b0bfab]" name="Shifali" duration-ms="5" started-at="2020-07-12T17:29:57Z" finished-at="2020-07-12T17:29:57Z">
          <reporter-output>
          </reporter-output>
        </test-method> <!-- Shifali -->
        <test-method status="PASS" signature="Sohail()[pri:0, instance:module6.Annotations@76b0bfab]" name="Sohail" duration-ms="7" started-at="2020-07-12T17:29:57Z" finished-at="2020-07-12T17:29:57Z">
          <reporter-output>
          </reporter-output>
        </test-method> <!-- Sohail -->
      </class> <!-- module6.Annotations -->
    </test> <!-- Testing Annotatations -->
  </suite> <!-- Suite -->
</testng-results>
