<?xml version="1.0" encoding="UTF-8"?>
<!-- Generated by org.testng.reporters.JUnitXMLReporter -->
<testsuite hostname="DESKTOP-R0NL5GO" ignored="3" name="GroupExecution" tests="6" failures="0" timestamp="05 Jan 2019 16:27:16 GMT" time="0.047" errors="0">
  <testcase name="TC1" time="0.0" classname="module6.Grouping"/>
  <testcase name="TC4" time="0.0" classname="module6.Grouping"/>
  <testcase name="TC5" time="0.0" classname="module6.Grouping"/>
  <testcase name="TC3" time="0.0" classname="module6.Grouping"/>
  <testcase name="TC7" time="0.0" classname="module6.Grouping"/>
  <testcase name="TC9" time="0.0" classname="module6.Grouping"/>
  <testcase name="TC6" time="0.0" classname="module6.Grouping">
    <ignored/>
  </testcase> <!-- TC6 -->
  <testcase name="TC2" time="0.0" classname="module6.Grouping">
    <ignored/>
  </testcase> <!-- TC2 -->
  <testcase name="TC8" time="0.0" classname="module6.Grouping">
    <ignored/>
  </testcase> <!-- TC8 -->
</testsuite> <!-- GroupExecution -->
